Build started 12/11/2017 21:39:58.
     1>Project "C:\Users\izanami\documents\visual studio 2010\Projects\LeVerrier\LeVerrier\LeVerrier.vcxproj" on node 2 (build target(s)).
     1>InitializeBuildStatus:
         Creating "Debug\LeVerrier.unsuccessfulbuild" because "AlwaysCreate" was specified.
       ClCompile:
         C:\Program Files (x86)\Microsoft Visual Studio 10.0\VC\bin\CL.exe /c /ZI /nologo /W3 /WX- /Od /Oy- /D WIN32 /D _DEBUG /D _CONSOLE /D _UNICODE /D UNICODE /Gm /EHsc /RTC1 /MDd /GS /fp:precise /Zc:wchar_t /Zc:forScope /Fo"Debug\\" /Fd"Debug\vc100.pdb" /Gd /TP /analyze- /errorReport:prompt main.cpp
         Skipping... (no relevant changes detected)
         main.cpp
       ManifestResourceCompile:
         All outputs are up-to-date.
       Link:
         C:\Program Files (x86)\Microsoft Visual Studio 10.0\VC\bin\link.exe /ERRORREPORT:PROMPT /OUT:"C:\Users\izanami\documents\visual studio 2010\Projects\LeVerrier\Debug\LeVerrier.exe" /INCREMENTAL /NOLOGO kernel32.lib user32.lib gdi32.lib winspool.lib comdlg32.lib advapi32.lib shell32.lib ole32.lib oleaut32.lib uuid.lib odbc32.lib odbccp32.lib /MANIFEST /ManifestFile:"Debug\LeVerrier.exe.intermediate.manifest" /MANIFESTUAC:"level='asInvoker' uiAccess='false'" /DEBUG /PDB:"C:\Users\izanami\documents\visual studio 2010\Projects\LeVerrier\Debug\LeVerrier.pdb" /SUBSYSTEM:CONSOLE /TLBID:1 /DYNAMICBASE /NXCOMPAT /IMPLIB:"C:\Users\izanami\documents\visual studio 2010\Projects\LeVerrier\Debug\LeVerrier.lib" /MACHINE:X86 Debug\LeVerrier.exe.embed.manifest.res
         Debug\main.obj
       Manifest:
         C:\Program Files (x86)\Microsoft SDKs\Windows\v7.0A\bin\mt.exe /nologo /verbose /out:"Debug\LeVerrier.exe.embed.manifest" /manifest Debug\LeVerrier.exe.intermediate.manifest
         All outputs are up-to-date.
       LinkEmbedManifest:
         All outputs are up-to-date.
         LeVerrier.vcxproj -> C:\Users\izanami\documents\visual studio 2010\Projects\LeVerrier\Debug\LeVerrier.exe
       FinalizeBuildStatus:
         Deleting file "Debug\LeVerrier.unsuccessfulbuild".
         Touching "Debug\LeVerrier.lastbuildstate".
     1>Done Building Project "C:\Users\izanami\documents\visual studio 2010\Projects\LeVerrier\LeVerrier\LeVerrier.vcxproj" (build target(s)).

Build succeeded.

Time Elapsed 00:00:07.13
